JOB001 SUBMITTED 2026-02-13T10:00:00Z USER=BATCH01 CLASS=A
JOB001 STARTED   2026-02-13T10:00:05Z INITIATOR=INIT01
JOB001 STEP01    EXEC PGM=IEFBR14
JOB001 STEP01    ENDED RC=0000 CPU=00:00:00.01
JOB001 STEP02    EXEC PGM=SORT
JOB001 STEP02    ENDED RC=0000 CPU=00:00:45.32
JOB001 STEP03    EXEC PGM=DFSORT
JOB001 STEP03    ENDED RC=0000 CPU=00:01:12.87
JOB001 ENDED     2026-02-13T10:05:00Z RC=0000 CPU=00:01:58.20

JOB002 SUBMITTED 2026-02-13T10:10:00Z USER=BATCH02 CLASS=A
JOB002 STARTED   2026-02-13T10:10:05Z INITIATOR=INIT02
JOB002 STEP01    EXEC PGM=COBOLPGM
JOB002 STEP01    ABEND S0C7 PSW=078D1000 8024A5B0
JOB002 STEP01    DATA EXCEPTION AT OFFSET +000AB0
JOB002 ABENDED   2026-02-13T10:12:00Z S0C7 REASON=00000000

JOB003 SUBMITTED 2026-02-13T10:15:00Z USER=BATCH01 CLASS=B
JOB003 STARTED   2026-02-13T10:15:05Z INITIATOR=INIT03
JOB003 STEP01    EXEC PGM=IKJEFT01
JOB003 STEP01    RUNNING CPU=00:05:00.00
JOB003 STATUS    EXECUTING STEP01 2026-02-13T10:20:00Z
